110105009046 安慧里社区
110105009047 安慧里南社区
110105009050 安翔里社区
110105009051 丝竹园社区
110105009052 北辰东路社区
110105009053 安苑里社区
110105009055 祁家豁子社区
110105011041 电子球场路社区
110105011042 东路社区
110105011043 红霞路社区
110105011044 南路社区
110105011045 中北路社区
110105011046 大山子社区
110105011047 高家园社区
110105011048 怡思苑社区
110105011049 驼房营西里社区
110105012025 朝阳公园社区
110105014053 十里堡北里社区
110105014054 八里庄北里社区
110105014055 八里庄南里社区
110105014056 晨光社区
110105014063 炫特家园社区
110105015033 十里堡社区
110105015034 甘露园社区
110105015035 八里庄东里社区
110105015036 八里庄西里社区
110105015040 远洋天地家园社区
110105015041 城市华庭社区
110105015042 朝阳无限社区
110105015043 罗马嘉园社区
110105015045 十里堡南里社区居委会
110105019013 一区社区
110105019014 二区社区
110105019015 三区社区
110105019016 东里社区
110105019017 西里社区
110105019018 北里社区
110105019024 翠城馨园社区居委会
110105019025 翠城雅园社区
110105019026 翠城趣园社区
110105019027 翠城盛园社区
110105019028 翠城熙园社区居委会
110105021021 东郊社区
110105021022 百子湾西社区居委会
110105021023 紫南家园社区
110105021024 平乐园社区
110105021025 欢乐谷社区
110105021028 百子湾东社区居委会
110105021030 赛洛城社区居委会
110105021031 百子湾北社区居民委员会
110105021032 广百西路社区居民委员会
110105022001 甘露园南里二区社区
110105022004 大黄庄社区
110105022016 通惠家园社区
110105022019 兴隆家园社区
110105022020 丽景馨居社区
110105022021 八里庄社区居委会
110105022022 甘露园南里一区社区
110105022023 康家园西社区
110105022024 康家园东社区
110105022026 太平庄南社区
110105022027 太平庄北社区
110105022028 花北西社区
110105022029 花北东社区
110105022030 北花园社区居委会
110105022034 高碑店东社区居委会
110105022035 高碑店西社区居委会
110105022036 方家园社区居委会
110105022037 西店社区居委会
110105022038 半壁店社区居委会
110105022039 小郊亭社区居委会
110105022040 高碑店文化园社区居委会
110105022041 花园闸社区居委会
110105022042 力源里社区居委会
110105022043 水南庄社区居委会
110105022044 太平庄社区居委会
110105022045 高碑店古街社区居民委员会
110105022201 高井村委会
110105022202 北花园村委会
110105022203 高碑店村委会
110105022204 半壁店村委会
110105023009 丽都社区
110105023015 芳园里社区
110105023016 安家楼社区
110105023017 水岸家园社区
110105023018 将府家园社区
110105023019 梵谷水郡社区
110105023020 瞰都嘉园社区居委会
110105023201 驼房营村
110105023202 东八间房村
110105024010 芍药居一社区
110105024011 芍药居二社区
110105024018 十字口社区居委会
110105024019 牛王庙社区居委会
110105024021 夏家园社区
110105025015 大屯里社区
110105025029 亚运新新家园社区
110105025034 慧忠里第一社区
110105025035 慧忠里第二社区
110105025036 慧忠北里第一社区
110105025037 慧忠北里第二社区
110105025038 安慧北里秀雅社区
110105025039 安慧北里安逸社区
110105025040 育慧西里社区
110105025041 育慧里社区
110105025042 世纪村社区
110105025043 安慧东里社区
110105025044 嘉铭园社区
110105025045 欧陆经典社区
110105026010 坝北
110105026034 花家地西里社区
110105026035 方舟苑社区
110105026036 大西洋新城社区
110105026038 望京西园四区社区
110105026039 南湖东园社区
110105026040 南湖西里社区
110105026041 花家地社区
110105026042 望花路西里社区
110105026043 望花路东里社区
110105026044 花家地南里社区
110105026045 南湖中园社区
110105026046 花家地西里三区社区
110105026047 花家地北里社区
110105026048 圣星社区
110105026049 爽秋路社区
110105026050 南湖西园社区
110105026051 望京西园三区社区
110105026060 望京园社区
110105026061 南湖西园二区社区
110105026062 望京东园五区社区
110105026063 阜荣街社区
110105026064 望京西路社区
110105026400 宝星园社区
110105026402 夏都雅园社区
110105026405 国风家园社区
110105027002 三台山
110105027004 恋日绿岛社区
110105027010 鸿博家园第一社区
110105027011 鸿博家园第二社区委员会
110105027012 鸿博家园第三社区委员会
110105027200 小红门村委会
110105027201 牌坊村
110105027203 肖村
110105028009 前祁庄
110105028010 后祁庄
110105028013 老君堂社区
110105028200 十八里店村
110105028201 吕家营村
110105028203 周家庄村
110105028204 小武基村
110105028205 老君堂村
110105028206 横街子村
110105028207 西直河村
110105029012 平房社区
110105029016 富华家园社区
110105029017 姚家园西社区居委会
110105029018 星河湾社区
110105029019 华纺易城社区
110105029020 国美家园社区
110105029021 雅成里社区居委会
110105029022 定福家园南社区
110105029024 天鹅湾社区居委会
110105029026 青年路东社区居委会
110105029027 姚家园东社区居委会
110105029028 逸翠园社区居委会
110105029200 平房村
110105029202 姚家园村
110105029203 黄渠村
110105029204 石各庄村
110105030007 石佛营东里社区
110105030009 东润枫景社区居委会
110105030010 石佛营西里社区
110105030011 石佛营南里社区
110105030013 紫萝园社区
110105030015 泛海国际南社区居委会
110105030017 观湖国际社区
110105030018 南十里居社区居委会
110105030019 东风苑社区居民委员会
110105030200 豆各庄村委会
110105030201 将台洼村委会
110105030202 辛庄村委会
110105031005 大羊坊社区
110105031006 双泉社区
110105031012 总装社区
110105031013 科学园社区
110105031015 风林绿洲社区
110105031016 北沙滩社区
110105031017 林萃社区
110105031018 绿色家园社区
110105031019 南沙滩社区
110105031020 万科星园社区
110105031021 龙祥社区
110105031023 国奥村社区
110105032001 新街坊社区
110105032009 立城苑社区居委会
110105032013 北苑一号院社区
110105032014 北苑二号院社区
110105032015 北苑三号院社区
110105032016 北苑家园清友园社区
110105032017 北苑家园绣菊园社区
110105032018 北苑家园紫绶园社区
110105032019 朝来绿色家园社区
110105032020 时代庄园社区
110105032021 青年城社区
110105032022 莲葩园社区
110105032023 茉藜园社区
110105032024 黄金苑社区
110105032025 立清路第一社区居委会
110105032026 广达路社区居委会
110105032027 清苑路第一社区居委会
110105032028 红军营社区居委会
110105032029 北卫家园社区居民委员会
110105032030 清河营中路社区居民委员会
110105032031 清苑路第二社区居民委员会
110105032032 清苑路第三社区居民委员会
110105032201 红军营村委会
110105032202 北湖渠村
110105032203 来广营村
110105032204 新生村委会
110105032205 清河营村委会
110105033002 荟万鸿社区
110105033003 鑫兆佳园社区
110105033004 万象新天社区
110105033005 常营民族家园社区
110105033006 连心园社区
110105033007 苹果派社区
110105033008 常营福第社区居委会
110105033009 畅心阳光社区居委会
110105033010 常营保利社区居委会
110105033011 丽景园社区居委会
110105033012 住欣家园社区居委会
110105033013 东方华庭社区居委会
110105034001 福怡苑社区居委会
110105034003 三间房南里社区
110105034004 定南里社区
110105034005 定北里社区
110105034006 定西北里社区
110105034007 定西南里社区
110105034008 双桥铁路社区
110105034009 双桥路社区
110105034010 双柳社区
110105034013 双惠苑社区
110105034014 绿洲家园社区
110105034015 艺水芳园社区
110105034016 美然动力社区
110105034026 聚福苑社区居委会
110105034027 泰福苑社区居委会
110105034200 三间房东村村委会
110105034201 三间房西村村委会
110105034202 定福庄东村
110105034202 定福庄东村村委会
110105034204 褡裢坡村
110105034205 白家楼村
110105034207 东柳村
110105034208 西柳村
110105034209 新房村
110105034210 北双桥村
110105034211 金家村
110105035001 八里桥社区居委会
110105035002 管庄东里社区
110105035003 管庄西里社区居委会
110105035004 建东苑社区
110105035005 京通苑社区
110105035006 丽景苑社区
110105035007 惠河东里社区
110105035008 瑞祥里社区
110105035009 惠河西里社区
110105035010 新天地社区居委会
110105035011 远洋一方嘉园社区居民委员会
110105035200 西会村
110105035201 东会村委会
110105035202 八里桥村
110105035203 果家店村
110105035204 塔营村委会
110105035205 小寺村
110105035206 重兴寺村
110105035207 司辛庄村
110105035208 郭家场村
110105035209 杨闸村
110105035210 管庄村村委会
110105035211 咸宁侯村
110105036001 朝阳农场地区
110105036003 楼梓庄居委会
110105036004 金泽家园社区居委会
110105036005 金盏嘉园第一社区居委会
110105036006 金盏嘉园第二社区居委会
110105036007 金泽家园北社区居委会
110105036200 雷庄村
110105036201 东大队村
110105036202 西大队村
110105036203 小店村
110105036204 长店村
110105036205 北马房村
110105036206 楼梓庄村委会
110105036207 沙窝村
110105036208 黎各庄村
110105036209 马各庄村
110105036210 皮村
110105036211 东窑村
110105036212 曹各庄村
110105037001 康营家园一社区居委会
110105037002 康营家园二社区居委会
110105037003 康营家园三社区居委会
110105037004 康营家园四社区居委会
110105037200 孙河村
110105037203 康营村委会
110105037204 北甸东村
110105037205 北甸西村
110105037206 西甸村
110105037207 下辛堡村
110105037208 上辛堡村
110105037209 黄港村
110105037210 李县坟村
110105037211 雷桥村
110105037212 沈家坟村
110105037213 沙子营村
110105037214 苇沟村民委员会
110105038001 马南里社区
110105038005 大望京社区居委会
110105038007 京旺家园社区居委会
110105038200 崔各庄村
110105038201 善各庄村
110105038202 何各庄村
110105038203 马泉营村
110105038204 奶东村
110105038205 奶西村
110105038206 索家村
110105038207 费家村
110105038208 南皋村
110105038209 望京村委会
110105038210 草场地村
110105038211 东辛店村
110105038212 北皋村委会
110105038213 东营村委会
110105038214 黑桥村
110105039001 高杨树社区居委会
110105039006 红松园社区居委会
110105039007 中铁十六局社区
110105039011 康静里社区居委会
110105039020 东坝家园社区
110105039021 奥林匹克花园社区
110105039024 朝阳新城社区居委会
110105039025 丽富嘉园社区居委会
110105039026 常青藤社区居委会
110105039027 景和园社区居委会
110105039028 东泽园社区居委会
110105039029 悦和园社区居民委员会
110105039030 金驹家园第一社区居民委员会
110105039031 金驹家园第二社区居民委员会
110105039032 福润四季社区居民委员会
110105039033 坝鑫家园社区居民委员会
110105039034 朝阳新城第二社区居民委员会
110105039200 七棵树村委会
110105039201 单店村委会
110105039202 西北门村
110105039203 后街村
110105039204 东风村村委会
110105039205 驹子房村委会
110105039206 三岔河村委会
110105039207 焦庄村
110105039208 东晓景村
110105040001 双桥第一社区
110105040002 双桥第二社区
110105040003 康城社区
110105040004 怡景城社区
110105040005 旭园社区
110105040200 大鲁店一村
110105040201 大鲁店二村
110105040202 大鲁店三村
110105040203 小鲁店村
110105040204 郎各庄村
110105040205 郎辛庄村
110105040206 万子营西村
110105040207 万子营东村
110105040208 黑庄户村
110105040209 四合庄村
110105040210 定辛庄西村
110105040211 定辛庄东村
110105040212 双树南村
110105040213 双树北村
110105040214 苏坟村
110105040215 幺铺村委会
110105041003 青青家园社区
110105041004 绿丰家园社区
110105041005 阳光家园社区
110105041006 京城雅居社区
110105041007 文化传播社区
110105041008 朝丰家园社区居委会
110105041010 富力又一城第一社区居委会
110105041011 富力又一城第二社区居委会
110105041012 明德园社区居民委员会
110105041200 豆各庄村委会
110105041201 马家湾村委会
110105041202 水牛坊村委会
110105041203 孙家坡村
110105041204 孟家屯村委会
110105041205 东马各庄村
110105041206 西马各庄村
110105041207 于家围南队村
110105041208 于家围北队村
110105041209 南何家村
110105041210 石槽村
110105041211 黄厂村村委会
110105042200 官庄大队村委会
110105042201 观音堂大队村委会
110105042202 王四营大队村委会
110105042203 南花园大队村委会
110105042204 道口大队村委会
110105042205 孛罗营大队村委会
110105043001 望京西园社区居委会
110105043002 南湖东园北社区居委会
110105043003 南湖中园北社区居委会
110105043007 望湖社区居委会
110105043400 机场工作区
110105501006 南湖东园北社区
110105501008 南湖中园北社区
110105501009 望京花园社区
110105501010 利泽西园一区社区
110105501012 果岭里社区
110105501013 望湖社区
110105501014 望京西园社区
110106005001 三营门社区居委会
110106005002 东新华社区居委会
110106005003 西新华社区居委会
110106005004 西长街社区居委会
110106005005 红房子社区居委会
110106005006 西宏苑社区居委会
110106005007 诚苑社区居委会
110106005008 槐房社区居委会
110106005009 机场社区居委会
110106005010 翠海明苑社区居委会
110106005011 南庭新苑南区社区居委会
110106005012 南庭新苑北区社区居委会
110106006001 东高地社区居委会
110106006002 三角地第一社区居委会
110106006003 三角地第二社区居委会
110106006004 西洼地社区
110106006005 六营门社区居委会
110106006006 万源东里社区居委会
110106006007 万源西里社区居委会
110106006008 梅源社区居委会
110106006009 东营房社区居委会
110106006010 万源南里社区居委会
110106008002 望园社区
110106008009 岳各庄社区
110106008012 青塔东里社区
110106008013 青塔西里社区
110106008014 蔚园社区
110106008015 秀园社区
110106008016 芳园社区
110106008017 春园社区
110106008018 小瓦窑西里社区
110106008019 蒋家坟社区
110106008020 小屯社区
110106008021 大瓦窑社区
110106008022 五里店第一社区
110106008023 五里店第二社区
110106008024 丰西路社区
110106008025 油泵厂社区
110106008026 大井社区
110106008027 长安新城第一社区
110106008028 京铁家园社区
110106008029 民岳家园社区
110106008030 丰体时代花园社区
110106008031 珠江紫台社区居委会
110106008032 假日万恒社区居委会
110106009001 新兴家园社区
110106009002 东安街头条十九号院社区居委会
110106009003 六十三号院社区居委会
110106009004 北大地十六号院社区居委会
110106009005 北大地西区社区居委会
110106009006 东安街头条社区居委会
110106009007 东安街社区居委会
110106009008 北大街北里社区居委会
110106009010 北大街社区居委会
110106009011 东幸福街社区居委会
110106009012 永善社区居委会
110106009017 南开西里社区居委会
110106009018 向阳社区居委会
110106009020 新华街北社区居委会
110106009021 新华街南社区居委会
110106009022 程庄路16号院社区居委会
110106010005 银地社区
110106010006 育仁里社区
110106010007 明春苑社区
110106010012 韩庄子第一社区
110106010014 科学城第二社区
110106010015 怡海花园社区
110106010016 科学城第一社区
110106010017 富丰园社区
110106010018 看丹社区
110106010019 富锦嘉园社区
110106010020 丰西社区
110106010021 电力机社区
110106010033 风格与林社区居委会
110106011001 南墙缝社区居委会
110106011002 合成公社区居委会
110106011003 东山坡社区居委会
110106011004 北关社区居委会
110106011005 西峰寺社区居委会
110106011006 朱家坟南区社区居委会
110106011007 朱家坟西山坡社区居委会
110106011008 朱家坟北区社区居委会
110106011009 张家坟社区居委会
110106011010 赵辛店社区居委会
110106011011 北岗洼社区居委会
110106011012 崔村二里社区居委会
110106011013 装甲兵工程学院社区居委会
110106011014 建设里社区居委会
110106011015 东南街社区居委会
110106011016 陈庄社区居委会
110106011017 光明里社区居委会
110106011018 杜家坎社区居委会
110106011019 玉皇庄社区居委会
110106011020 二七车辆厂社区居委会
110106011021 张郭庄社区居委会
110106011022 槐树岭社区居委会
110106011024 装技所社区居委会
110106012001 南区第一社区居委会
110106012002 南区第二社区居委会
110106012003 云西路社区居委会
110106012004 田城社区居委会
110106012005 北区社区居委会
110106012006 北里社区居委会
110106012007 翠园社区居委会
110106012008 镇岗南里社区居委会
110106014001 城北社区居委会
110106014002 宛平城社区居委会
110106014003 城南社区居委会
110106014004 晓月苑社区居委会
110106014005 老庄子社区居委会
110106014006 晓月苑第二社区居委会
110106014007 沸城社区居委会
110106014008 城南第二社区居委会
110106014201 永合庄村委会
110106014202 北天堂村委会
110106015014 枫竹苑社区居委会
110106016001 和义东里第一社区居委会
110106016002 和义东里第二社区居委会
110106016003 和义东里第三社区居委会
110106016004 南苑北里第一社区居委会
110106016005 南苑北里第二社区居委会
110106016006 和义西里第一社区居委会
110106016007 和义西里第二社区居委会
110106016008 和义西里第三社区居委会
110106016009 久敬庄社区居委会
110106017210 岳各庄村委会
110106017212 郑常庄村委会
110106017213 大井村委会
110106017214 小屯村委会
110106017215 小瓦窑村委会
110106017216 张仪村村委会
110106017217 郭庄子村委会
110106017218 卢沟桥村委会
110106017219 大瓦窑村委会
110106018002 天伦锦城社区居委会
110106018006 郭公庄幸福家园社区居委会
110106018007 四合欣园社区居委会
110106018200 草桥村委会
110106018201 黄土岗村
110106018202 新发地村委会
110106018203 白盆窑村
110106018205 高立庄村委会
110106018206 六圈村委会
110106018207 看丹村委会
110106018208 榆树庄村委会
110106018209 羊坊村委会
110106018210 葆台村委会
110106019004 大红门锦苑一社区居委会
110106019005 大红门锦苑二社区居委会
110106019204 东罗园村委会
110106019208 大红门村
110106019210 新宫村委会
110106019212 南苑村委会
110106019213 槐房村委会
110106100200 张郭庄村委会
110106100201 东河沿村委会
110106100202 辛庄村委会
110106100203 大灰厂村委会
110106100204 李家峪村委会
110106100205 太子峪村委会
110106100206 张家坟村委会
110106100207 赵辛店村委会
110106100208 长辛店村委会
110106101001 南宫雅苑社区居委会
110106101201 沙锅村村委会
110106101202 怪村村委会
110106101203 魏各庄村委会
110106101204 西王佐村委会
110106101205 南宫村委会
110106101206 庄户村委会
110106101207 佃起村委会
110107001001 电科院社区
110107001003 玉泉路西社区
110107001004 电子科技情报研究所社区
110107001005 瑞达社区
110107001006 中铁建设有限公司社区
110107001010 鲁谷住宅社区
110107001012 四季园社区
110107001017 永乐东小区北社区
110107001019 永乐东小区南社区
110107001021 青年楼社区
110107001022 三山园社区
110107001023 玉泉西里西社区
110107001024 玉泉西里北社区
110107001025 玉泉西里中社区
110107001026 玉泉西里南社区居委会
110107002001 高能所社区
110107002002 研究生院社区
110107002003 玉泉西路社区
110107002009 何家坟社区
110107002011 老山东里北社区
110107002013 老山东里社区
110107002015 老山东里南社区
110107002017 老山西里社区
110107002018 十一号院社区
110107002019 翠谷玉景苑社区
110107002020 京源路社区
110107002021 玉泉北里二区第一社区
110107003007 八角北里社区
110107003009 八角中里社区
110107003016 建钢南里社区
110107003018 古城南里社区
110107003024 八角南路社区
110107003025 古城南路社区
110107003026 八角路社区
110107003028 公园北社区
110107003029 八角北路社区
110107003030 八角北路特钢社区
110107003032 杨庄南区社区
110107003034 杨庄中区社区
110107003037 八角南里社区
110107003038 地铁古城家园社区
110107003039 杨庄北区社区
110107003040 中铁建总医院社区
110107003041 黄南苑社区
110107003042 时代花园社区
110107003043 景阳东街第一社区居委会
110107004001 北小区社区
110107004002 南路东社区
110107004005 南路西社区居委会
110107004006 环铁社区
110107004007 天翔社区
110107004009 八千平社区
110107004010 古城路社区
110107004011 古城特钢社区
110107004012 西路北社区
110107004013 十万平社区
110107004014 西路南社区
110107004017 北辛安南北岔社区
110107004018 老古城前街社区
110107004019 老古城后街社区
110107004021 北辛安大街社区
110107004023 白庙社区
110107004025 南大荒社区
110107004026 北辛安铁新社区
110107004027 水泥厂社区
110107004028 庞村社区
110107005003 西黄村社区
110107005007 下庄社区
110107005009 八大处社区
110107005010 三疗社区
110107005013 西井社区
110107005015 海特花园第三社区
110107005019 苹一社区
110107005021 边府社区
110107005022 琅山村社区
110107005025 苹三社区
110107005028 苹二社区
110107005029 苹四社区
110107005031 军区装备部大院社区
110107005032 海特花园第一社区
110107005033 海特花园第二社区
110107005034 西黄新村社区
110107005035 西山枫林第一社区
110107005036 军区大院第一社区
110107005037 军区大院第二社区
110107005038 西山枫林第二社区
110107005039 西黄新村东里社区
110107005040 西黄新村西里社区
110107006003 金顶街四区社区
110107006004 金顶街一区社区
110107006005 赵山社区
110107006006 西福村社区
110107006008 铸造村社区
110107006010 模式口东里社区
110107006013 模式口中里社区
110107006014 模式口南里社区
110107006023 模式口北里社区
110107006024 模式口村社区
110107006026 金顶街三区社区
110107006027 金顶街五区社区
110107006028 模式口西里南区社区
110107006029 模式口西里北区社区
110107006030 模式口西里中区社区
110107006031 金顶街二区社区
110107009001 东山社区
110107009003 新立街社区
110107009007 麻峪社区
110107009008 麻峪北社区居委会
110107009011 高井路社区
110107010001 军区联勤部大院社区
110107010002 石府社区
110107010003 黑石头社区
110107010004 西山机械厂社区
110107010006 高井社区
110107010011 隆恩寺社区
110107010013 东街社区
110107010014 西街社区
110107010015 红卫路社区
110107010016 南宫社区
110107010017 隆恩寺新区社区
110107011001 双锦园
110107011002 永乐西北
110107011003 永乐西南
110107011006 久筑
110107011007 五芳园
110107011008 重聚园
110107011009 依翠园北
110107011010 依翠园南
110107011011 六合园北
110107011012 六合园南
110107011013 石景山医院
110107011014 新华社
110107011015 七星园北
110107011016 七星园南
110107011018 衙门口东
110107011019 衙门口西
110107011020 衙门口南
110107011021 新岚大厦
110107011022 重兴园
110107011023 聚兴园
110107011024 碣石坪
110107011025 西厂居民委员会
110108001021 复兴路28号社区居委会
110108001023 沙窝社区居委会
110108001026 太平路27号社区居委会
110108001027 太平路44号社区居委会
110108001028 复兴路32号社区居委会
110108001029 永定路社区居委会
110108001030 永定路西里社区居委会
110108001031 采石路7号社区居委会
110108001032 太平路46号社区居委会
110108001033 复兴路40号社区居委会
110108001034 复兴路46号社区
110108001035 复兴路83号社区居委会
110108001036 铁家坟社区居委会
110108001038 五棵松紫金长安社区居委会
110108002001 一街坊社区居委会
110108002002 二街坊东社区居委会
110108002003 二街坊西社区居委会
110108002004 三街坊东社区居委会
110108002005 三街坊中社区居委会
110108002006 三街坊北社区居委会
110108002007 三街坊西社区居委会
110108002008 四街坊东社区居委会
110108002009 四街坊西社区居委会
110108002010 五街坊社区居委会
110108002011 六街坊东社区居委会
110108002012 六街坊西社区居委会
110108002013 七街坊社区居委会
110108002014 八街坊东社区居委会
110108002015 八街坊西社区居委会
110108002016 九街坊社区居委会
110108005032 亮甲店社区
110108005034 五路社区居委会
110108010001 西王庄社区居委会
110108010002 六道口社区居委会
110108010004 志新社区居委会
110108010007 二里庄社区居委会
110108010008 东王庄社区居委会
110108010009 学知园社区居委会
110108010011 地大第二社区居委会
110108010013 健翔园社区居委会
110108010014 建清园社区居委会
110108010016 地大第一社区居委会
110108010017 北科大社区居委会
110108010018 石油大院社区居委会
110108010019 中国农业大学东校区社区居委会
110108010020 语言大学社区居委会
110108010021 石科院社区居委会
110108010022 十五所社区居委会
110108010023 林业大学社区居委会
110108010024 静淑苑社区居委会
110108010025 城建四社区居委会
110108010026 768厂社区居委会
110108010027 中国矿业大学（北京）社区居委会
110108010028 中科院社区居委会
110108010029 二里庄干休所社区居委会
110108010031 富润社区居委会
110108010032 逸成社区居委会
110108010033 展春园社区居委会
110108010034 城华清枫社区居委会
110108011001 科源社区居委会
110108011005 科馨社区居委会
110108011007 科汇社区居委会
110108011032 华清园社区居委会
110108011036 熙典华庭社区居委会
110108012003 海淀路社区居委会
110108012004 芙蓉里社区居委会
110108012005 稻香园北社区居委会
110108012010 海淀南路北社区居委会
110108012031 汇新家园社区居委会
110108013002 骚子营社区居委会
110108013004 大有庄社区居委会
110108013005 福缘门社区居委会
110108013006 圆明园东里社区居委会
110108013008 一亩园社区居委会
110108013012 颐东苑社区居委会
110108013013 遗光寺社区居委会
110108013014 国防大学社区居委会
110108013015 韩家川大院社区居委会
110108013016 国际关系学院社区居委会
110108013017 中央党校社区居委会
110108013018 林业科学研究院社区居委会
110108013019 军事科学院社区居委会
110108013020 309医院社区居委会
110108013021 中国中医科学院西苑医院社区居委会
110108013022 颐和园社区居委会
110108013023 中信所西苑小区社区居委会
110108013024 030院社区居委会
110108013027 厢红旗安河桥社区居委会
110108013028 水磨成府社区居委会
110108013029 西苑挂甲屯社区居委会
110108014001 东楼社区居委会
110108014002 南楼社区居委会
110108014003 西楼社区居委会
110108014004 北区社区居委会
110108014005 中楼社区居委会
110108014006 西南社区居委会
110108014007 西北社区居委会
110108014008 蓝旗营社区居委会
110108014009 荷清苑社区居委会
110108015001 承泽园社区居委会
110108015002 畅春园社区居委会
110108015003 蔚秀园社区居委会
110108015004 校内社区居委会
110108015005 中关园社区居委会
110108015006 燕东园社区居委会
110108015007 燕北园社区居委会
110108016001 香山第一社区居委会
110108016002 香山第二社区居委会
110108016003 四王府社区居委会
110108016005 六号院社区居委会
110108016006 北炮社区居委会
110108016008 南植社区居委会
110108017001 清河嘉园社区居委会
110108017003 四街社区居委会
110108017007 朱房社区居委会
110108017008 安宁里社区居委会
110108017009 二炮清河大院社区居委会
110108017010 长城润滑油社区居委会
110108017012 空军装备研究院社区居委会
110108017013 总装小营社区
110108017014 美和园社区居委会
110108017016 花园楼社区居委会
110108017017 毛纺南小区社区居委会
110108017018 毛纺北小区社区居委会
110108017019 北毛社区居委会
110108017020 安宁东路社区居委会
110108017021 阳光社区居委会
110108017022 安宁北路社区居委会
110108017023 西二旗一里社区居委会
110108017024 安宁庄社区居委会
110108017025 怡美家园社区居委会
110108017026 海清园社区居委会
110108017027 当代城市家园社区居委会
110108017029 清上园社区居委会
110108017030 力度家园社区居委会
110108017031 小营西路32号院社区居委会
110108017032 领秀硅谷社区居委会
110108017033 学府树家园第一社区居委会
110108017034 智学苑社区居委会
110108019001 永泰东里第一社区
110108019003 永泰园第一社区居委会
110108019004 清缘里社区居委会
110108019005 建材西里社区居委会
110108019006 机械学院联合社区居委会
110108019008 永泰东里第二社区
110108019009 永泰西里社区居委会
110108019010 宝盛里社区居委会
110108019012 建材东里社区居委会
110108019013 清缘东里社区居委会
110108019014 悦秀园社区居委会
110108019015 电科院社区居委会
110108019016 沁春家园社区居委会
110108019018 育新花园社区居委会
110108019021 冶金研究院社区居委会
110108019022 北新集团社区居委会
110108019023 9511工厂联合社区居委会
110108019024 永泰庄社区居委会
110108019025 清润家园社区居委会
110108019026 永泰园第二社区居委会
110108019027 建材城联合社区居委会
110108019028 小营联合社区居委会
110108019029 怡清园社区居委会
110108019030 枫丹丽舍社区居委会
110108019032 知本时代社区居委会
110108019033 清景园社区居委会
110108019034 清缘西里社区居委会
110108019035 富力桃园社区居委会
110108020001 梅园社区居委会
110108020002 菊园社区居委会
110108020003 竹园社区居委会
110108020005 天秀花园社区居委会
110108020006 兰园社区居委会
110108020007 水利总队社区居委会
110108020009 百草园社区居委会
110108020011 农业大学社区居委会
110108020012 农科社区居委会
110108020013 63919部队社区居委会
110108020014 肖家河社区居委会
110108020015 百旺家苑社区居委会
110108020016 天秀古月园社区居委会
110108020017 农大南路社区居委会
110108020018 西北旺社区居委会
110108020019 百旺茉莉园社区居委会
110108021001 西木小区社区居委会
110108021002 东营房社区居委会
110108021003 半壁店第一社区居委会
110108021004 半壁店第二社区居委会
110108021005 永达社区居委会
110108021006 永金里社区居委会
110108021008 总政金沟河干休所社区居委会
110108021009 金沟河社区居委会
110108021010 国防大学永定路社区居委会
110108021011 阜石路第一社区居委会
110108021012 阜石路第二社区居委会
110108021013 阜石路第三社区居委会
110108021014 阜石路第四社区居委会
110108021015 永景园社区居委会
110108021016 玉海园一里社区居委会
110108021018 玉海园二里社区居委会
110108021020 玉海园三里社区居委会
110108021022 玉海园五里社区居委会
110108021023 王致和社区居委会
110108021024 田村社区居委会
110108021025 山南社区居委会
110108021028 建西苑社区居委会
110108021029 玉阜嘉园社区居委会
110108021030 乐府家园社区居委会
110108021031 幸福社区居委会
110108021032 泽丰苑社区居委会
110108021033 兰德华庭社区居委会
110108021034 景宜里社区居委会
110108022001 上地东里第一社区居委会
110108022002 上地东里第二社区居委会
110108022003 上地西里社区居委会
110108022004 东馨园社区居委会
110108022005 马连洼北路1号院社区居委会
110108022008 体大颐清园社区
110108022010 树村社区居委会
110108022012 紫成嘉园社区居委会
110108022013 万树园社区居委会
110108022014 上地科技园社区居委会
110108022015 上地南路社区居委会
110108022016 上地八一社区居委会
110108023005 六郎庄社区居委会
110108023006 功德寺社区居委会
110108023203 青龙桥村委会
110108024001 八家社区居委会
110108024002 前屯社区居委会
110108024003 马坊社区居委会
110108024004 奥北社区居委会
110108024005 文龙社区居委会
110108024006 龙岗社区居委会
110108024206 马坊村委会
110108024207 小营村委会
110108024208 八家村委会
110108025003 世纪城西区社区居委会
110108025004 农科院社区居委会
110108025015 空军指挥学院社区居委会
110108025016 怡丽北园社区居委会
110108025022 烟树园社区居委会
110108026001 温泉社区居委会
110108026002 白家疃社区居委会
110108026004 航材院社区居委会
110108026005 三0四所社区居委会
110108026006 西颐社区居委会
110108026007 颐阳一区社区居委会
110108026008 颐阳二区社区居委会
110108026009 杨庄社区居委会
110108026010 尚峰园社区居委会
110108026011 凯盛家园社区居委会
110108026201 高里掌村委会
110108026202 辛庄村委会
110108026203 温泉村委会
110108026204 白家疃村委会
110108026205 杨家庄村委会
110108026206 太舟坞村委会
110108026207 东埠头村委会
110108027005 西郊机场社区居委会
110108027007 闵航南里社区居委会
110108027201 田村村委会
110108027202 宝山村委会
110108027203 振兴村委会
110108027204 高庄村委会
110108027205 常青村委会
110108027206 西冉村委会
110108027207 西山村委会
110108027208 双新村委会
110108027209 玉泉村委会
110108027210 门头村村委会
110108027211 巨山村委会
110108027212 香山村委会
110108028007 小辛店社区居委会
110108028009 西六里屯社区居委会
110108028010 航天城第一社区居委会
110108028011 西山林语社区居委会
110108028201 唐家岭村委会
110108028202 土井村委会
110108028203 西北旺村委会
110108028204 韩家川村委会
110108028205 冷泉村委会
110108028206 东北旺村委会
110108028208 亮甲店村委会
110108028209 六里屯村委会
110108028210 屯佃村委会
110108028211 永丰屯村委会
110108028212 大牛坊村委会
110108028213 皇后店村委会
110108028214 西玉河村委会
110108028215 东玉河村委会
110108028216 小牛坊村委会
110108029001 北分瑞利社区居委会
110108029201 三星庄村委会
110108029202 苏一二村委会
110108029203 苏三四村委会
110108029204 西小营村委会
110108029205 北庄子村委会
110108029206 柳林村委会
110108029207 前沙涧村委会
110108029208 后沙涧村委会
110108029209 南安河村委会
110108029210 徐各庄村委会
110108029211 周家巷村委会
110108030001 上庄家园社区居委会
110108030002 馨瑞家园社区居委会
110108030003 三嘉信苑社区居委会
110108030201 东马坊村委会
110108030202 上庄村委会
110108030203 前章村村委会
110108030204 白水洼村委会
110108030205 西马坊村委会
110108030206 常乐村委会
110108030207 东小营村委会
110108030208 罗家坟村委会
110108030209 皂甲屯村委会
110108030210 李家坟村委会
110108030211 南玉河村委会
110108030212 北玉河村委会
110108030213 永泰庄村委会
110108030213 永泰庄村委会
110108030214 梅所屯村委会
110108030215 双塔村委会
110108030216 西闸村委会
110108030217 河北村村委会
110108030218 八家村委会
110108030219 后章村村委会
110108030220 西辛力屯村委会
110109001001 德露苑社区
110109001053 绿岛家园社区
110109001057 临镜苑社区居委会
110109002017 西宁路社区
110109002018 华新建社区
110109002019 新老宿舍社区
110109006004 永安社区
110109006214 卧龙岗村
110109006216 东辛称村委会
110109006217 白庄子村委会
110109006218 四道桥村
110109006219 坝房子村
110109006220 侯庄子村
110109006221 贵石村
110109007001 东南街社区
110109007002 中北街社区
110109007003 西前街社区
110109007004 水闸西路社区
110109007012 中门寺南坡一区社区居委会
110109007202 城子村
110109007203 龙泉雾村
110109007205 三家店村
110109104001 杨坨社区
110109104002 北四社区
110109104201 军庄村
110109104203 西杨坨村
110109104204 东杨坨村
110109104205 孟悟村
110109104206 新村
110109104207 东山村
110109104208 香峪村
110111008226 南刘庄村
110111008228 后石羊村
110111008236 邢家坞村
110111008238 小营村
110111008239 鲁村
110111008240 黑古台村
110111008241 富庄村
110111011001 一街社区
110111011002 三街社区
110111011003 拱辰大街社区
110111011004 宜春里社区
110111011005 梅花庄社区
110111011006 北关东路社区
110111011007 行宫园社区
110111011008 长虹北里社区
110111011009 昊天小区社区
110111011010 北京电力设备总厂社区
110111011011 北京送变电公司社区
110111011012 北京电力建设公司社区
110111011013 飞机场社区
110111011014 一街第二社区
110111011015 文化路社区
110111011016 罗府街社区
110111011017 三街第二社区
110111011018 拱辰北大街社区
110111011019 西北关社区
110111011020 鸿顺园社区
110111011021 玉竹园社区
110111011022 伟业嘉园社区
110111011023 瑞雪春堂社区居委会
110111011024 绿地花都苑社区居委会
110111011025 翠林湾嘉园社区居委会
110111011026 邑尚佳苑社区居委会
110111011200 二街村
110111011201 四街村
110111011202 五街村
110111011203 南关村
110111011204 东关村
110111011205 后店村委会
110111011206 吴店村委会
110111011207 黄辛庄村委会
110111011208 渔儿沟村
110111011209 大南关村
110111011210 纸房村
110111011211 常庄村
110111011212 徐庄村
110111011213 梨村
110111011214 于管营村
110111011215 东羊庄村委会
110111011216 梅花庄村
110111011217 小西庄村
110111011218 辛瓜地村
110111011219 南广阳城村
110111012001 夏庄社区
110111012002 西潞东里社区
110111012003 月华东里社区
110111012004 北潞园社区
110111012005 苏庄一里社区
110111012006 西潞园社区
110111012007 苏庄二里社区
110111012008 西路大街社区居委会
110111012009 苏庄三里社区
110111012010 海逸半岛社区
110111012011 太平庄西里社区居委会
110111012012 北潞春社区
110111012013 金鸽园社区居委会
110111012014 太平庄东里社区居委会
110111012200 詹庄村
110111012201 安庄村
110111012202 固村
110111012204 南上岗村
110111012205 东沿村
110111012206 苏庄村
110111101202 前沿村
110111101203 后沿村
110111101204 张庄村
110111101216 大十三里村
110111101218 后十三里村
110111101219 肖庄村
110111101220 元武屯村
110111101221 炒米店村
110111105001 长阳社区
110111105002 长龙苑社区
110111105003 碧桂园社区居委会
110111105004 碧波园社区
110111105005 加州水郡东区社区居委会
110111105006 大宁山庄社区
110111105007 徜徉集社区居委会
110111105008 嘉州水郡北区社区居委会
110111105009 嘉州水郡南区社区居委会
110111105010 天泰新景社区居委会
110111105011 馨然嘉园社区居委会
110111105012 建邦嘉园社区居委会
110111105013 悦都苑社区居委会
110111105014 半岛家园社区居委会
110111105015 熙景嘉园社区居委会
110111105016 朗悦嘉园社区居委会
110111105017 云湾家园社区居委会
110111105018 熙兆嘉园社区居委会
110111105019 悦都新苑社区居委会
110111105020 悦然馨苑社区居委会
110111105200 长阳一村委会
110111105201 长阳二村委会
110111105204 黄管屯村
110111105205 哑叭河村委会
110111105209 北广阳城村
110111105210 水碾屯一村
110111105211 水碾屯二村委会
110111105212 军留庄村委会
110111105213 张家场村委会
110111105214 牛家场村
110111105215 保合庄村
110111105216 杨庄子村委会
110111105217 长营村委会
110111105218 马厂村
110111105219 高岭村
110111105220 稻田一村
110111105221 稻田二村
110111105222 稻田三村
110111105223 稻田四村
110111105224 稻田五村
110111105225 高佃一村
110111105226 高佃二村
110111105227 高佃三村
110111105228 高佃四村
110111105229 大宁村
110111105230 温庄子村
110111105231 独义村
110111105232 朱岗子村
110111105233 阎仙垡村
110111105234 葫芦垡村
110111105240 篱笆房村村委会
110111112210 庙耳岗村
110111112211 辛庄村
110111112212 芦上坟村
110111112213 大苑村
110111112214 北刘庄村
110111112215 大马村
110111112216 小马村
110111112217 果各庄村
110112001001 东关社区
110112001002 星河社区
110112001004 上营社区居委会
110112001006 悟仙观社区
110112001011 白将军社区
110112001012 东里社区
110112001016 西营社区
110112001017 中仓社区
110112001021 小园社区
110112001023 四员厅社区居委会
110112001024 西上园社区
110112001025 新华园社区
110112001026 莲花寺社区
110112001027 中上园社区居委会
110112001028 运河园社区居委会
110112001029 滨河社区居委会
110112001030 运河湾社区居委会
110112002001 天桥湾社区居委会
110112002002 司空社区
110112002008 贡院社区居委会
110112002009 如意社区
110112002012 新建社区
110112002016 东大街社区居委会
110112002017 北关社区
110112003001 新华西街社区
110112003002 中山街社区
110112003003 复兴南里社区
110112003004 北苑桥社区
110112003005 后南仓社区
110112003006 锦园社区
110112003007 新城南街社区
110112003009 帅府社区
110112003011 玉带路社区
110112003012 西关社区
110112003013 五里店社区
110112003014 长桥园社区
110112003015 新北苑社区居委会
110112003016 果园西社区
110112003017 新华联家园北区社区
110112003018 滨惠南三街社区
110112003019 京贸国际社区
110112003020 天时名苑社区居委会
110112003021 广通社区居委会
110112004002 葛布店北里社区居委会
110112004003 葛布店南里社区居委会
110112004004 玉桥北里社区居委会
110112004006 玉桥南里社区居委会
110112004009 运河东大街社区居委会
110112004011 乔庄北街社区居委会
110112004012 梨花园社区居委会
110112004013 土桥社区居委会
110112004014 艺苑西里社区居委会
110112004015 玉桥东里社区居委会
110112004016 柳岸方园社区居委会
110112004017 柳馨园社区居委会
110112004018 玉桥南里南社区居委会
110112004019 净水园社区居委会
110112004020 新通国际社区居委会
110112004021 玉桥东里南社区居委会
110112004022 潞阳桥社区居委会
110112005001 天赐良园社区
110112005002 富河园社区
110112005003 运乔嘉园社区居委会
110112005004 盛业家园社区
110112005005 龙旺庄社区
110112005006 潞苑南里社区
110112005007 潞邑社区
110112005008 东潞苑西区社区
110112005009 运通园社区
110112005010 西马庄社区
110112005011 苏荷雅居社区
110112005012 世纪星城兴业园社区
110112005013 永顺南里社区
110112005014 杨庄南里西区社区
110112005015 永顺西里社区
110112005016 艺苑东里社区居委会
110112005017 杨庄南里南区社区
110112005018 潞苑嘉园社区
110112005019 竹木场社区
110112005020 杨富店社区
110112005021 岳庄社区
110112005022 杨庄通广嘉园社区居委会
110112005201 永顺村村委会
110112005202 北马庄村
110112005203 范庄村
110112005204 刘庄村
110112005205 李庄村
110112005206 焦王庄村
110112005207 苏坨村委会
110112005208 小潞邑村
110112005209 龙旺庄村
110112005210 耿庄村
110112005211 王家场村委会
110112005212 邓家窑村
110112005213 西马庄村
110112005215 新建村
110112005217 杨庄村村委会
110112005218 果元村村委会
110112005219 南关村委会
110112005220 上营村村委会
110112005221 乔庄村村委会
110112005222 小圣庙村
110112005223 前上坡村委会
110112006001 新华联家园南区社区
110112006002 格瑞雅居社区
110112006003 靓景明居社区居委会
110112006004 万盛北里社区
110112006005 龙鼎园社区居委会
110112006006 金侨时代家园社区居委会
110112006007 梨园东里社区居委会
110112006008 京洲园社区居委会
110112006009 翠景北里社区居委会
110112006010 葛布店东里社区居委会
110112006011 云景东里社区居委会
110112006012 云景里社区居委会
110112006013 群芳园社区居委会
110112006014 颐瑞西里社区居委会
110112006015 颐瑞东里社区居委会
110112006016 欣达园社区居委会
110112006017 曼城家园社区居委会
110112006018 云景北里社区居委会
110112006019 翠屏北里社区居委会
110112006020 大方居社区居委会
110112006021 翠屏南里社区居委会
110112006022 新城乐居社区居委会
110112006201 车里坟村委会
110112006202 三间房村
110112006203 北杨洼村委会
110112006204 九棵树村委会
110112006205 东总屯村委会
110112006206 西总屯村委会
110112006207 李老公庄村委会
110112006208 梨园村委会
110112006209 刘老公庄村委会
110112006210 小街一队村委会
110112006211 小街二队村委会
110112006212 小街三队村委会
110112006213 西小马庄村委会
110112006214 半壁店村委会
110112006215 孙王场村委会
110112006216 孙庄村委会
110112006217 砖厂村
110112006218 公庄村委会
110112006219 大稿村委会
110112006220 小稿村委会
110112006221 魏家坟村委会
110112006222 东小马庄村委会
110112006223 大马庄村委会
110112006224 高楼金村
110112006225 曹园村委会
110112006226 将军坟村委会
110112104211 小堡村
110112104212 疃里村
110112104213 六合村
110112104230 徐辛庄村
110112104231 管头村
110112104232 吴各庄村
110112104233 葛渠村
110112104234 寨辛庄村
110112104235 寨里村
110112104236 北窑上村
110112104237 王辛庄村
110112104238 岗子村
110112104241 小营村
110112104242 草寺村
110112104243 尹各庄村
110112104244 富豪村
110112104245 大庞村
110112104246 双埠头村
110112104247 沟渠庄村
110112105203 上马头村
110112105205 土桥村
110112105206 皇木厂村
110112105209 张湾村
110112105210 大高力庄村
110112105215 立禅庵村
110112105218 施园村
110112109001 新海南里社区居委会
110112109002 新海北里社区
110112109003 新海祥和社区
110112109005 宏仁社区居委会
110112109201 一街村
110112109202 二街村
110112109203 三街村委会
110112109209 北门口村
110112109210 大葛庄村
110112109211 东店村
110112109212 西店村
110112109213 西后街村委会
110112109214 辛屯村
110112109215 大白村
110112109216 马村
110112109217 小白村村委会
110112109233 驸马庄村
110112109234 南堤村
110112109236 团瓢庄村
110112109237 后堰上村
110112109238 前堰上村委会
110112114001 定海园一里社区居委会
110112114002 定海园二里社区居委会
110112114201 台湖村
110112114202 铺头村
110112114203 朱家垡村
110112114204 田家府村
110112114205 前营村
110112114206 口子村
110112114207 江场村
110112114208 胡家垡村
110112114209 周坡庄村
110112114210 外郎营村
110112114211 玉甫上营村
110112114212 蒋辛庄村
110112114213 东下营村
110112114214 西下营村
110112114215 北火垡村
110112114218 碱厂村
110112114219 尖垡村
110112114220 兴武林村
110112114222 次一村
110112114223 次二村
110112114224 垛子村
110112114225 永隆屯村
110112114226 桂家坟村
110112114227 大地村
110112114228 徐庄村
110112114229 新河村
110112114230 高古庄村
110112114231 桑元村
110112114232 水南村
110112114233 董村
110112114234 北神树村
110112114235 丁庄村
110112114236 白庄村
110112114237 马庄村
110112114238 孟庄村
110112114240 东石村
110112114241 麦庄村
110112114242 西太平庄村
110112114246 北小营村
110112119001 紫荆雅园社区
110112119002 水仙园社区
110112119003 荔景园社区居委会
110112119202 魏庄村
110112119203 东杨庄村
110112119204 霍屯村委会
110112119205 古城村委会
110112119206 杨坨村委会
110112119207 郝家府村
110112119208 辛安屯村
110112119209 孙各庄村
110112119210 后屯村
110113003211 沙坨村委会
110113003216 塔河村委会
110113004002 双裕西区社区居委会
110113004003 香花畦社区居民委员会
110113004004 江山赋社区居民委员会
110113004201 西泗上村委会
110113004202 古城村委会
110113004203 罗各庄村委会
110113004208 马头庄村委会
110113004209 后沙峪村委会
110113004212 火神营村委会
110113004213 铁匠营村委会
110113004214 枯柳树村委会
110113004215 回民营村委会
110113004216 董各庄村委会
110113005003 希望花园社区居委会
110113005006 南竺园一区社区居委会
110113005007 蓝天社区居民委员会
110113005201 天竺村委会
110113005203 楼台村委会
110113005204 岗山村委会
110113005205 龙山村委会
110113005206 桃山村委会
110113005207 杨二营村委会
110113005209 二十里堡村委会
110113005210 小王辛庄村委会
110113008001 华英园社区居委会
110113008201 东海洪村委会
110113008202 西海洪村委会
110113008205 东杜兰村委会
110113008206 西杜兰村委会
110113008207 北法信村委会
110113008208 焦各庄村委会
110113008209 大江洼村委会
110113008210 刘家河村委会
110113008211 南法信村委会
110113008212 十里堡村委会
110113008213 马家营村委会
110113008214 哨马营村委会
110113008215 冯家营村委会
110113008216 卸甲营村委会
110113011001 蓝星花园社区居委会
110113011002 万科城市花园社区居委会
110113011003 裕祥花园社区居委会
110113011004 三山新新家园社区居委会
110113011005 天房第一社区居委会
110113011006 天房第二社区居委会
110113011007 莲竹花园社区居委会
110113011008 莫奈花园社区居民委员会
110113011009 吉祥花园社区居民委员会
110113011010 翠竹新村第一社区居民委员会
110113011011 翠竹新村第二社区居民委员会
110113011012 双龙源社区居民委员会
110113011013 天竺新新家园社区居民委员会
110113011014 中粮祥云社区居民委员会
110113011015 香蜜湾社区居民委员会
110113011016 誉天下社区居民委员会
110113011017 天竺花园社区居民委员会
110113011201 西白辛庄村委会
110113011202 燕王庄村委会
110113011203 西田各庄村委会
110113011204 东庄村委会
110113011205 花梨坎村委会
110113011206 薛大人庄村委会
110113011207 前沙峪村委会
110113011208 吉祥庄村委会
110113013201 石门村委会
110113013202 沙井村委会
110113013203 望泉寺村委会
110113013204 梅沟营村委会
110113013206 吴家营村委会
110113013207 杨家营村委会
110113101209 南王路村委会
110113101210 北王路村委会
110113101211 西王路村委会
110113101212 唐自头村委会
110113101213 于庄村委会
110113101214 张喜庄村委会
110113101215 东马各庄村委会
110113101216 西马各庄村委会
110113101221 前渠河村委会
110113101222 闫家营村委会
110113101223 水坡村委会
110113101224 羊房村委会
110113101225 文化营村委会
110113104001 樱花园社区居委会
110113104002 馨港庄园社区居委会
110113104003 畅顺园社区居民委员会
110113104004 苏活社区居民委员会
110113104201 李家桥村委会
110113104202 英各庄村委会
110113104203 张辛村委会
110113104205 南半壁店村委会
110113104207 庄子营村委会
110113104208 洼子村委会
110113104209 头二营村委会
110113104210 三四营村委会
110114003202 东坨村委会
110114003203 西坨村委会
110114003204 东闸村委会
110114003205 北庄户村委会
110114003206 楼自庄村委会
110114003207 土城村委会
110114003208 横桥村委会
110114004001 南一社区居委会
110114004003 东一社区居委会
110114004004 西二社区居委会
110114004005 北二社区居委会
110114004006 站前路社区居委会
110114004007 沙阳路社区居委会
110114004008 保利罗兰香谷社区居委会
110114004009 兆丰家园社区居委会
110114004010 北街家园第一社区居委会
110114004011 北街家园第二社区居委会
110114004012 北街家园第三社区居委会
110114004013 碧水庄园社区居委会
110114004014 于善街南社区居委会
110114004015 冠芳园社区居委会
110114004201 西沙屯村委会
110114004202 老牛湾村委会
110114004203 南一村委会
110114004204 东一村委会
110114004205 西二村委会
110114004206 北二村委会
110114004207 辛力屯村委会
110114004208 路庄村委会
110114004209 踩河村委会
110114004210 丰善村委会
110114004211 于辛庄村委会
110114004212 满井东队村委会
110114004213 满井西队村委会
110114004214 松兰堡村委会
110114004215 王庄村委会
110114004216 小寨村委会
110114004217 大洼村委会
110114004218 七里渠南村委会
110114004219 七里渠北村委会
110114004220 白各庄村委会
110114004221 豆各庄村委会
110114004222 小沙河村委会
110114007010 九台社区居委会
110114007011 都市芳园社区居委会
110114007030 森林大第家园社区居委会
110114007044 森林大第家园南区社区居委会
110114007203 东小口村委会
110114007204 中滩村委会
110114007205 芦家村村委会
110114007206 单家村村委会
110114007207 店上村委会
110114007208 兰各庄村委会
110114007211 半截塔村委会
110114007212 魏窑村委会
110114007213 小辛庄村委会
110114007214 马连店村委会
110114008001 天通东苑第三社区居委会
110114008002 天通西苑第二社区居委会
110114008003 天通西苑第三社区居委会
110114008004 天通西苑第四社区居委会
110114008005 天通北苑第一社区居委会
110114008006 天通北苑第二社区居委会
110114008007 天通北苑第三社区居委会
110114008008 天通中苑第一社区居委会
110114008009 太平家园社区居委会
110114008201 太平庄村委会
110114008202 白坊村委会
110114008203 狮子营村委会
110114009001 东辰社区居委会
110114009002 佳运园社区居委会
110114009003 天通苑第二社区居委会
110114009004 天通西苑第一社区居委会
110114009005 天通东苑第一社区居委会
110114009006 天通东苑第二社区居委会
110114009007 天通苑第一社区居委会
110114009008 嘉诚花园社区居委会
110114009009 清水园社区居委会
110114009010 北方明珠社区居委会
110114009011 天通东苑第四社区居委会
110114009012 顶秀清溪社区居委会
110114009013 奥北中心社区居委会
110114009014 溪城珑原社区居委会
110114009015 正辰中心社区居委会
110114009201 陈营村委会
110114010001 华龙苑南里社区居委会
110114010002 华龙苑北里社区居委会
110114010003 蓝天园社区居委会
110114010004 天鑫家园社区居委会
110114010005 霍营小区社区居委会
110114010006 上坡佳园社区居委会
110114010007 华龙苑中里社区居委会
110114010008 流星花园社区居委会
110114010009 龙回苑社区居委会
110114010010 和谐家园社区居委会
110114010011 田园风光雅苑社区居委会
110114010012 龙锦苑一区社区居委会
110114010013 龙锦苑东一区社区居委会
110114010014 龙锦苑东二区社区居委会
110114010015 龙锦苑东五区社区居委会
110114010016 龙锦苑东三区社区居委会
110114010018 紫金新干线社区居委会
110114010019 霍家营社区居委会
110114011001 龙博苑社区居委会
110114011002 万润家园社区居委会
110114011003 龙城社区居委会
110114011004 万龙社区居委会
110114011005 东村家园社区居委会
110114011006 龙乡社区居委会
110114011007 吉晟别墅社区居委会
110114011008 南店社区居委会
110114011009 新龙城社区居委会
110114011010 金榜园社区居委会
110114011011 新康园社区居委会
110114011012 龙兴园社区居委会
110114011013 龙兴园北区社区居委会
110114011014 瑞旗家园社区居委会
110114011015 二拨子社区居委会
110114011016 蓝天嘉园社区居委会
110114011017 回龙观新村社区居委会
110114011018 融泽家园一区社区居委会
110114011019 融泽家园二区社区居委会
110114012001 佰嘉城社区居委会
110114012002 龙华园二区社区居委会
110114012003 龙华园社区居委会
110114012004 慧华苑社区居委会
110114012005 通达园社区居委会
110114012006 龙泽苑社区
110114012006 龙泽苑社区居委会
110114012007 龙泽苑东区社区居委会
110114012008 龙腾苑二区社区居委会
110114012009 龙腾苑三区社区居委会
110114012010 龙腾苑四区社区居委会
110114012011 龙腾苑五区社区居委会
110114012012 龙腾苑六区社区居委会
110114012013 云趣园社区居委会
110114012014 风雅园社区居委会
110114012015 龙禧苑社区居委会
110114012016 龙禧苑二区社区居委会
110114012017 龙锦苑二区社区居委会
110114012018 龙锦苑四区社区居委会
110114012019 龙锦苑五区社区居委会
110114012020 龙锦苑六区社区居委会
110114012021 龙跃苑一区社区居委会
110114012022 龙跃苑二区社区居委会
110114012023 龙跃苑三区社区居委会
110114012024 龙跃苑四区社区居委会
110114012025 龙跃苑东二区社区居委会
110114012026 龙跃苑东四五社区居委会
110114012027 北郊农场社区居委会
110114012028 天龙苑社区居委会
110114012029 北店嘉园社区居委会
110114012030 良庄家园社区居委会
110114012031 智慧社社区居委会
110114012032 国仕汇社区居委会
110114012201 三合庄村
110114012201 三合庄村委会
110114013001 农学院社区居委会
110114013002 昌艺园社区居委会
110114013003 领秀慧谷社区居委会
110114013201 朱辛庄村委会
110114013202 东半壁店村委会
110114013203 西半壁店村委会
110114013204 定福皇庄村委会
110114013205 史各庄村委会
110114104201 阳坊村委会
110114104204 东贯市村委会
110114104205 西贯市村委会
110114104206 八口村委会
110114104207 辛庄村委会
110114104208 史家桥村委会
110114104210 四家庄村委会
110114110202 尚信村委会
110114110203 讲礼村委会
110114110204 马坊村委会
110114110205 官牛坊村委会
110114110206 阿苏卫村委会
110114110212 土沟村委会
110114110213 酸枣岭村委会
110114110214 前蔺沟村委会
110114110215 后蔺沟村委会
110114110216 小东流村委会
110114110217 常兴庄村委会
110114111202 姜屯村委会
110114111203 张各庄村委会
110114111204 景文屯村委会
110114113001 善缘家园社区居委会
110114113002 林溪园社区居委会
110114113201 百善村委会
110114113202 吕各庄村委会
110114113203 半壁街村委会
110114113204 下东廓村委会
110114113205 上东廓村委会
110114113206 牛房圈村委会
110114113207 二德庄村委会
110114113208 东沙屯村委会
110114113209 孟祖村委会
110114115001 燕城苑社区居委会
110114115002 王府公寓社区居委会
110114115003 望都家园社区居委会
110114115008 温泉花园A区社区居委会
110114115009 温泉花园B区社区居委会
110114115010 西湖新村社区居委会
110114115011 名佳花园社区居委会
110114115012 名流花园社区居委会
110114115013 蓬莱公寓社区居委会
110114115014 北亚花园社区居委会
110114115015 王府花园社区居委会
110114115016 八仙别墅社区居委会
110114115017 桃园公寓社区居委会
110114115018 冠雅苑社区居委会
110114115019 宏福苑社区居委会
110114115020 美树假日嘉园社区居委会
110114115021 望都新地社区居委会
110114115022 宏福苑东区社区居委会
110114115201 沟自头村委会
110114115202 北七家村委会
110114115203 岭上村委会
110114115204 鲁疃村委会
110114115205 东二旗村委会
110114115206 羊各庄村委会
110114115207 八仙庄村委会
110114115208 曹碾村委会
110114115209 白庙村委会
110114115210 东三旗村委会
110114115211 平西府村委会
110114115212 平坊村委会
110114115213 西沙各庄村委会
110114115214 郑各庄村委会
110114115215 东沙各庄村委会
110114115216 燕丹村委会
110114115218 歇甲庄村委会
110114115220 南七家庄村委会
110114115221 海鶄落村委会
110115001001 富强西里社区
110115001002 富强东里社区
110115001003 黄村西里社区
110115001004 黄村中里社区
110115001009 兴华中里社区
110115001011 兴华东里社区
110115001012 富强南里社区
110115001020 康居社区
110115001022 三合南里社区
110115001025 瑞康家园社区
110115001026 黄村东里社区
110115001028 清城北区社区居委会
110115001029 清城南区社区居委会
110115002001 车站南里社区
110115002002 车站中里社区
110115002004 义和庄东里社区
110115002009 义和庄南里社区
110115002010 饮马井社区
110115002011 铁路社区
110115002013 兴水社区
110115002015 永华南里社区
110115002016 兴政西里社区居委会
110115002017 兴政东里社区
110115002018 林校北里社区
110115002019 车站北里社区
110115002020 建兴社区
110115002021 永华北里社区
110115002022 兴华南里社区
110115002023 火神庙社区居委会
110115002024 兴政中里社区居委会
110115003001 滨河西里南区社区
110115003002 滨河西里北区社区
110115003003 清源西里社区
110115003005 康盛园社区
110115003006 丽园社区
110115003007 兴华园社区
110115003008 枣园社区
110115003009 枣园东里社区
110115003010 兴涛社区
110115003011 金惠园三区社区
110115003012 金惠园二区社区
110115003013 郁花园社区
110115003014 康顺园社区
110115003015 滨河东里社区
110115003018 香海园社区
110115003019 香留园社区
110115003020 滨河北里社区
110115003021 兴盛园社区
110115003023 郁花园二里社区
110115003024 枣园东里北区社区
110115003025 康隆园社区
110115003026 康和园社区
110115003027 丽园南区社区
110115003028 学院社区
110115003029 彩虹新城社区居委会
110115003030 兴康家园社区居委会
110115003031 绿地社区居委会
110115003032 茉莉社区居委会
110115004001 贵园北里社区
110115004002 贵园东里社区
110115004003 贵园南里社区
110115004005 富源里社区
110115004007 泰河园社区
110115004008 晓康社区
110115004009 广德苑社区
110115004010 贵园南里二区社区
110115004011 贵园北里二区社区
110115004012 鹿海园一里社区
110115004013 鹿海园三里社区居委会
110115004014 晓康东里社区
110115004015 星岛社区社区
110115004016 三羊里社区居委会
110115004017 泰河园一里社区居委会
110115004018 泰河园七里社区居委会
110115004019 开泰东里社区居委会
110115004200 鹿圈一村
110115004201 鹿圈二村
110115004202 鹿圈三村村委会
110115004203 鹿圈四村
110115004207 宝善庄村
110115005001 长丰园社区
110115005002 明春西园社区
110115005003 新凤社区
110115005004 长丰园三区社区
110115005005 兴盛街189号院社区居委会
110115005006 兴盛街187号院社区居委会
110115005007 康泰园社区居委会
110115005008 双高花园社区居委会
110115005009 郁花园三里社区居委会
110115005010 枣园尚城社区居委会
110115005011 康庄路五十号院社区居委会
110115005015 新兴家园社区居委会
110115005200 李营村
110115005201 前高米店村
110115005202 后高米店村
110115005203 小营村
110115005204 李庄子村
110115005205 南成庄村
110115005207 海户新村
110115005208 三合庄村
110115005209 饮马井村
110115005210 海子角村
110115005211 义和庄村
110115005212 大庄村
110115005213 埝坛村
110115005219 高家铺村
110115005220 狼垡一村
110115005221 狼垡二村
110115005222 狼垡三村
110115005223 狼垡四村
110115005224 立垡村
110115005225 北程庄村
110115005226 西芦城村
110115005227 东芦城村
110115005228 康庄村
110115005229 鹅房村
110115005230 佟场村
110115005231 大洼村
110115005232 宋庄村
110115005233 后辛庄村
110115005234 前辛庄村
110115005235 太福庄村
110115005236 周村
110115005237 刘一村
110115005238 刘二村
110115005239 三间房村
110115005240 辛店村
110115005241 霍村
110115005242 邢各庄村村委会
110115005243 西磁各庄村村委会
110115005244 东磁各庄村
110115005245 王立庄村
110115005248 孙村村委会
110115006001 清逸园社区
110115006002 清欣园社区
110115006003 清和园社区
110115006004 清乐园社区
110115006006 红星楼社区
110115006007 德茂社区
110115006008 红星北里社区
110115006009 宣颐家园社区
110115006011 上林苑社区
110115006012 德茂楼社区
110115006013 绿洲家园社区
110115006014 美然社区
110115006015 灵秀山庄社区
110115006016 清逸西园社区
110115006017 佳和园社区
110115006018 育龙家园社区
110115006019 幻星家园社区
110115006020 德林园社区居委会
110115006021 德茂佳苑社区
110115006022 润星家园社区居委会
110115006023 云龙家园社区居委会
110115006024 成和园社区居委会
110115006025 美丽新世界社区居委会
110115006026 上筑家园社区居委会
110115006027 润枫锦尚社区居委会
110115006028 盛悦居社区居委会
110115006029 紫郡府社区居委会
110115006200 庑殿一村
110115006201 庑殿二村
110115006202 庑殿三村
110115006203 南场一村
110115006204 南场二村
110115006205 有余庄村
110115006206 吉庆庄村
110115006207 万聚庄村
110115006208 隆盛庄村
110115006209 旧宫一村
110115006210 旧宫二村村委会
110115006211 旧宫三村村委会
110115006212 旧宫四村村委会
110115006213 大有庄村
110115006214 南街一村
110115006215 南街二村
110115006216 南街三村
110115006217 南街四村
110115006218 西广德庄村
110115007002 星光社区居委会
110115007003 九龙社区
110115007004 福盛社区
110115007005 福星花园社区
110115007006 同兴园社区
110115007007 金华园社区
110115007008 瑞海北区社区
110115007009 瑞海南区社区
110115007010 宏大园社区居委会
110115007011 兴月苑社区
110115007012 兴日苑社区居委会
110115007013 博苑社区居委会
110115007014 礼域北区社区居委会
110115007015 礼域南区社区居委会
110115007016 都市公寓社区居委会
110115007017 欣荣社区居委会
110115007018 欣清社区居委会
110115007019 宏业东区社区居委会
110115007020 宏业西区社区居委会
110115007200 西红门一村
110115007201 西红门二村村委会
110115007202 西红门三村
110115007203 西红门四村
110115007204 西红门六村
110115007205 西红门七村
110115007206 西红门八村
110115007207 西红门十村
110115007208 西红门十一村
110115007209 西红门十二村
110115007210 新三余庄村
110115007211 老三余庄村
110115007212 寿宝庄村
110115007213 大白楼村
110115007214 大生庄村
110115007215 金星庄村
110115007216 志远庄村
110115007217 建新庄村
110115007218 团河北村
110115007219 团河南村
110115007220 振亚庄村
110115007221 新建庄一村
110115007222 新建庄二村
110115007223 新建庄三村
110115007224 新建庄四村
110115007225 小白楼村
110115008001 兴海园社区
110115008002 南海家园一里社区居委会
110115008003 南海家园二里社区居委会
110115008004 南海家园三里社区居委会
110115008006 南海家园五里社区居委会
110115008007 南海家园六里社区居委会
110115008008 南海家园七里社区居委会
110115008010 瀛海家园一里社区居委会
110115008011 瀛海家园二里社区居委会
110115008200 中兴村
110115008201 姜场村
110115008202 东一村村委会
110115008203 东二村村委会
110115008204 西一村村委会
110115008205 西二村村委会
110115008206 三槐堂村村委会
110115008207 怡乐村
110115008208 笃庆堂村
110115008209 南宫村
110115008210 四合庄一村村委会
110115008211 四合庄二村
110115009001 双河北里社区
110115009002 新安里社区
110115009003 团河社区居委会
110115009004 南湖园社区
110115009005 观音寺南里社区
110115009006 观音寺社区
110115009007 双河南里社区
110115009008 新居里社区
110115009009 盛春坊社区
110115009010 金华里社区
110115009011 开发区社区
110115009012 泰中花园社区
110115009013 观音寺北里社区居委会
110115009014 首座御园一里社区居委会
110115009015 盛嘉华苑社区居委会
110115010001 海子角社区
110115010003 海子角东里社区
110115010004 海子角南里社区
110115010005 海子角西里社区
110115010006 61565部队社区
110115010007 矿林庄社区居委会
110115103231 东赵村
110115103232 北野场村
110115103233 南大红门村
110115103234 北辛屯村
110115109200 六合庄村
110115109201 马村
110115109202 新立村
110115109203 罗奇营村
110115109204 砖楼村
110115109205 桑马房村
110115404498 中关村国家自主创新示范区大兴生物医药产业基地虚拟社区
110115405498 国家新媒体产业基地
110120403498 北京经济技术开发区虚拟社区
