110101001 东华门街道
110101002 景山街道
110101003 交道口街道
110101004 安定门街道
110101005 北新桥街道
110101006 东四街道
110101007 朝阳门街道
110101008 建国门街道
110101009 东直门街道
110101010 和平里街道
110101011 前门街道
110101012 崇文门外街道
110101013 东花市街道
110101014 龙潭街道
110101015 体育馆路街道
110101016 天坛街道
110101017 永定门外街道
110102001 西长安街街道
110102003 新街口街道
110102007 月坛街道
110102009 展览路街道
110102010 德胜街道
110102011 金融街街道
110102012 什刹海街道
110102013 大栅栏街道
110102014 天桥街道
110102015 椿树街道
110102016 陶然亭街道
110102017 广安门内街道
110102018 牛街街道
110102019 白纸坊街道
110102020 广安门外街道
110105001 建外街道
110105002 朝外街道
110105003 呼家楼街道
110105004 三里屯街道
110105005 左家庄街道
110105006 香河园街道
110105007 和平街街道
110105008 安贞街道
110105009 亚运村街道
110105010 小关街道
110105011 酒仙桥街道
110105012 麦子店街道
110105013 团结湖街道
110105014 六里屯街道
110105015 八里庄街道
110105016 双井街道
110105017 劲松街道
110105018 潘家园街道
110105019 垡头街道
110105021 南磨房乡
110105022 高碑店乡
110105023 将台乡
110105024 太阳宫乡
110105025 大屯街道
110105026 望京街道
110105027 小红门乡
110105028 十八里店乡
110105029 平房乡
110105030 东风乡
110105031 奥运村街道
110105032 来广营乡
110105033 常营民族乡
110105034 三间房乡
110105035 管庄乡
110105036 金盏乡
110105037 孙河乡
110105038 崔各庄乡
110105039 东坝乡
110105040 黑庄户乡
110105041 豆各庄乡
110105042 王四营乡
110105044 东湖街道
110105400 首都机场街道
110106001 右安门街道
110106002 太平桥街道
110106003 西罗园街道
110106004 大红门街道
110106005 南苑街道
110106006 东高地街道
110106007 东铁匠营街道
110106008 卢沟桥街道
110106009 丰台街道
110106010 新村街道
110106011 长辛店街道
110106012 云岗街道
110106013 方庄地区
110106014 宛平城地区
110106015 马家堡街道
110106016 和义街道
110106101 王佐镇
110107001 八宝山街道
110107002 老山街道
110107003 八角街道
110107004 古城街道
110107005 苹果园街道
110107006 金顶街街道
110107009 广宁街道
110107010 五里坨街道
110107011 鲁谷街道
110108001 万寿路街道
110108002 永定路街道
110108003 羊坊店街道
110108004 甘家口街道
110108005 八里庄街道
110108006 紫竹院街道
110108007 北下关街道
110108008 北太平庄街道
110108010 学院路街道
110108011 中关村街道
110108012 海淀街道
110108013 青龙桥街道
110108014 清华园街道
110108015 燕园街道
110108016 香山街道
110108017 清河街道
110108018 花园路街道
110108019 西三旗街道
110108020 马连洼街道
110108021 田村路街道
110108022 上地街道
110108023 海淀镇
110108024 东升镇
110108025 曙光街道
110108101 温泉镇
110108102 四季青镇
110108103 西北旺镇
110108104 苏家坨镇
110108105 上庄镇
110109001 大峪街道
110109002 城子街道
110109003 东辛房街道
110109004 大台街道
110109005 王平镇
110109101 潭柘寺镇
110109102 永定镇
110109103 龙泉镇
110109104 军庄镇
110109105 雁翅镇
110109106 斋堂镇
110109107 清水镇
110109108 妙峰山镇
110111001 城关街道
110111002 新镇街道
110111004 向阳街道
110111005 东风街道
110111006 迎风街道
110111007 星城街道
110111008 良乡镇
110111009 周口店镇
110111010 琉璃河镇
110111011 拱辰街道
110111012 西潞街道
110111101 阎村镇
110111103 窦店镇
110111104 石楼镇
110111105 长阳镇
110111107 河北镇
110111108 长沟镇
110111109 大石窝镇
110111110 张坊镇
110111111 十渡镇
110111112 青龙湖镇
110111115 韩村河镇
110111208 霞云岭乡
110111209 南窑乡
110111210 佛子庄乡
110111211 大安山乡
110111212 史家营乡
110111213 蒲洼乡
110112001 中仓街道
110112002 新华街道
110112003 北苑街道
110112004 玉桥街道
110112005 永顺镇
110112006 梨园镇
110112104 宋庄镇
110112105 张家湾镇
110112106 漷县镇
110112109 马驹桥镇
110112110 西集镇
110112114 台湖镇
110112117 永乐店镇
110112119 潞城镇
110112209 于家务回族乡
110113001 胜利街道
110113002 光明街道
110113003 仁和镇
110113004 后沙峪镇
110113005 天竺镇
110113006 杨镇地区
110113007 牛栏山镇
110113008 南法信镇
110113009 马坡镇
110113010 石园街道
110113011 空港街道
110113012 双丰街道
110113013 旺泉街道
110113101 高丽营镇
110113104 李桥镇
110113105 李遂镇
110113106 南彩镇
110113108 北务镇
110113109 大孙各庄镇
110113110 张镇
110113111 龙湾屯镇
110113112 木林镇
110113113 北小营镇
110113115 北石槽镇
110113116 赵全营镇
110114001 城北街道
110114002 南口镇
110114003 马池口镇
110114004 沙河镇
110114005 城南街道
110114007 东小口镇
110114008 天通苑北街道
110114009 天通苑南街道
110114010 霍营街道
110114011 史各庄街道
110114012 回龙观街道
110114013 龙泽园街道
110114104 阳坊镇
110114110 小汤山镇
110114111 南邵镇
110114112 崔村镇
110114113 百善镇
110114115 北七家镇
110114116 兴寿镇
110114118 流村镇
110114119 十三陵镇
110114120 延寿镇
110115001 兴丰街道
110115002 林校路街道
110115003 清源街道
110115004 亦庄地区（镇）
110115004 亦庄地区（镇）
110115005 黄村镇
110115006 旧宫镇
110115007 西红门镇
110115008 瀛海地区
110115009 观音寺街道
110115010 天宫院街道
110115011 高米店街道
110115012 荣华街道
110115013 博兴街道
110115103 青云店镇
110115104 采育镇
110115105 安定镇
110115106 礼贤镇
110115107 榆垡镇
110115108 庞各庄镇
110115109 北藏村镇
110115110 魏善庄镇
110115111 长子营镇
110116001 泉河街道
110116002 龙山街道
110116003 怀柔镇
110116004 雁栖镇
110116005 庙城镇
110116102 北房镇
110116103 杨宋镇
110116105 桥梓镇
110116106 怀北镇
110116107 汤河口镇
110116108 渤海镇
110116109 九渡河镇
110116110 琉璃庙镇
110116111 宝山镇
110116211 长哨营满族乡
110116213 喇叭沟门满族乡
110117001 滨河街道
110117002 兴谷街道
110117003 平谷镇
110117004 峪口镇
110117005 马坊镇
110117006 金海湖镇
110117101 东高村镇
110117102 山东庄镇
110117104 南独乐河镇
110117105 大华山镇
110117106 夏各庄镇
110117108 马昌营镇
110117110 王辛庄镇
110117111 大兴庄镇
110117112 刘家店镇
110117114 镇罗营镇
110117213 黄松峪乡
110117214 熊儿寨乡
110228001 鼓楼街道
110228002 果园街道
110228003 檀营满族蒙族乡
110228100 密云镇
110228101 溪翁庄镇
110228102 西田各庄镇
110228103 十里堡镇
110228104 河南寨镇
110228105 巨各庄镇
110228106 穆家峪镇
110228107 太师屯镇
110228108 高岭镇
110228109 不老屯镇
110228110 冯家峪镇
110228111 古北口镇
110228112 大城子镇
110228113 东邵渠镇
110228114 北庄镇
110228115 新城子镇
110228116 石城镇
110229001 百泉街道
110229002 香水园街道
110229003 儒林街道
110229100 延庆镇
110229101 康庄镇
110229102 八达岭镇
110229103 永宁镇
110229104 旧县镇
110229105 张山营镇
110229106 四海镇
110229107 千家店镇
110229108 沈家营镇
110229109 大榆树镇
110229110 井庄镇
110229207 大庄科乡
110229209 刘斌堡乡
110229210 香营乡
110229214 珍珠泉乡
